<?xml version="1.0" encoding="UTF-8"?>
<!-- Generated by org.testng.reporters.JUnitReportReporter -->
<testsuite hostname="laptop" failures="0" tests="1" name="SerializationComplex" time="0.248" errors="0" timestamp="2023-09-19T12:20:22 IST" skipped="0">
  <testcase classname="SerializationComplex" name="serial" time="0.248"/>
  <system-out/>
</testsuite> <!-- SerializationComplex -->
