<?xml version="1.0" encoding="UTF-8"?>
<!-- Generated by org.testng.reporters.JUnitReportReporter -->
<testsuite hostname="laptop" failures="0" tests="1" name="DeSerializa" time="0.296" errors="0" timestamp="2023-09-20T21:48:05 IST" skipped="0">
  <testcase classname="DeSerializa" name="deSerial" time="0.296"/>
  <system-out/>
</testsuite> <!-- DeSerializa -->
