<?xml version="1.0" encoding="UTF-8"?>
<!-- Generated by org.testng.reporters.JUnitReportReporter -->
<testsuite hostname="laptop" failures="0" tests="1" name="ddt.JsonFormat" time="2.779" errors="0" timestamp="2023-10-11T13:23:35 IST" skipped="0">
  <testcase classname="ddt.JsonFormat" name="a" time="2.779"/>
  <system-out/>
</testsuite> <!-- ddt.JsonFormat -->
