<?xml version="1.0" encoding="UTF-8"?>
<!-- Generated by org.testng.reporters.JUnitReportReporter -->
<testsuite hostname="laptop" failures="0" tests="1" name="JsonSchemaValidatorr" time="2.716" errors="0" timestamp="2023-11-09T16:31:52 IST" skipped="0">
  <testcase classname="JsonSchemaValidatorr" name="schemaGet" time="2.716"/>
  <system-out/>
</testsuite> <!-- JsonSchemaValidatorr -->
