<?xml version="1.0" encoding="UTF-8"?>
<!-- Generated by org.testng.reporters.JUnitReportReporter -->
<testsuite hostname="laptop" failures="0" tests="1" name="HeaderValidation" time="1.891" errors="0" timestamp="2023-09-19T16:17:06 IST" skipped="0">
  <testcase classname="HeaderValidation" name="headerValidation" time="1.891"/>
  <system-out/>
</testsuite> <!-- HeaderValidation -->
