<?xml version="1.0" encoding="UTF-8"?>
<!-- Generated by org.testng.reporters.JUnitReportReporter -->
<testsuite hostname="laptop" failures="0" tests="1" name="crudWithBdd.getAll" time="2.338" errors="0" timestamp="2023-09-19T15:53:32 IST" skipped="0">
  <testcase classname="crudWithBdd.getAll" name="get" time="2.338"/>
  <system-out/>
</testsuite> <!-- crudWithBdd.getAll -->
