<?xml version="1.0" encoding="UTF-8"?>
<!-- Generated by org.testng.reporters.JUnitReportReporter -->
<testsuite hostname="laptop" failures="0" tests="1" name="staticandDynamicUsingReqres.DynamicResponse" time="3.500" errors="0" timestamp="2023-09-23T13:34:44 IST" skipped="0">
  <testcase classname="staticandDynamicUsingReqres.DynamicResponse" name="get" time="3.500"/>
  <system-out/>
</testsuite> <!-- staticandDynamicUsingReqres.DynamicResponse -->
