<?xml version="1.0" encoding="UTF-8"?>
<!-- Generated by org.testng.reporters.JUnitReportReporter -->
<testsuite hostname="laptop" failures="0" tests="1" name="Serializa" time="0.291" errors="0" timestamp="2023-09-20T21:47:52 IST" skipped="0">
  <testcase classname="Serializa" name="serial" time="0.291"/>
  <system-out/>
</testsuite> <!-- Serializa -->
