<?xml version="1.0" encoding="UTF-8"?>
<!-- Generated by org.testng.reporters.JUnitReportReporter -->
<testsuite hostname="laptop" failures="0" tests="1" name="specification.TwoTier" time="4.094" errors="0" timestamp="2023-09-20T13:37:58 IST" skipped="0">
  <testcase classname="specification.TwoTier" name="twoTier" time="4.094"/>
  <system-out/>
</testsuite> <!-- specification.TwoTier -->
