<?xml version="1.0" encoding="UTF-8"?>
<!-- Generated by org.testng.reporters.JUnitReportReporter -->
<testsuite hostname="laptop" failures="0" tests="1" name="crudWithBdd.get" time="14.189" errors="0" timestamp="2023-09-19T15:53:17 IST" skipped="0">
  <testcase classname="crudWithBdd.get" name="get" time="14.189"/>
  <system-out/>
</testsuite> <!-- crudWithBdd.get -->
