<?xml version="1.0" encoding="UTF-8"?>
<!-- Generated by org.testng.reporters.JUnitReportReporter -->
<testsuite hostname="laptop" failures="0" tests="1" name="complexClass" time="0.492" errors="0" timestamp="2023-09-19T17:16:08 IST" skipped="0">
  <testcase classname="complexClass" name="serial" time="0.492"/>
  <system-out/>
</testsuite> <!-- complexClass -->
