<?xml version="1.0" encoding="UTF-8"?>
<!-- Generated by org.testng.reporters.JUnitReportReporter -->
<testsuite hostname="laptop" failures="0" tests="1" name="crudWithoutBdd.CreateProject" time="2.530" errors="0" timestamp="2023-09-13T12:34:18 IST" skipped="0">
  <testcase classname="crudWithoutBdd.CreateProject" name="post" time="2.530"/>
  <system-out/>
</testsuite> <!-- crudWithoutBdd.CreateProject -->
