<?xml version="1.0" encoding="UTF-8"?>
<!-- Generated by org.testng.reporters.JUnitReportReporter -->
<testsuite hostname="laptop" failures="0" tests="1" name="specification.ThreeTier" time="12.118" errors="0" timestamp="2023-09-21T17:34:15 IST" skipped="0">
  <testcase classname="specification.ThreeTier" name="threeTier1" time="12.118"/>
  <system-out/>
</testsuite> <!-- specification.ThreeTier -->
