<?xml version="1.0" encoding="UTF-8"?>
<!-- Generated by org.testng.reporters.JUnitReportReporter -->
<testsuite hostname="laptop" failures="0" tests="1" name="specification.DataMasking" time="2.854" errors="0" timestamp="2023-09-20T16:03:11 IST" skipped="0">
  <testcase classname="specification.DataMasking" name="dataMasking" time="2.854"/>
  <system-out/>
</testsuite> <!-- specification.DataMasking -->
