<?xml version="1.0" encoding="UTF-8"?>
<!-- Generated by org.testng.reporters.JUnitReportReporter -->
<testsuite hostname="laptop" failures="0" tests="1" name="crudWithBdd.CreateResource" time="2.794" errors="0" timestamp="2023-09-14T15:22:06 IST" skipped="0">
  <testcase classname="crudWithBdd.CreateResource" name="post" time="2.794"/>
  <system-out/>
</testsuite> <!-- crudWithBdd.CreateResource -->
